
const int rates [] = { 5512, 6000, 6896, 7350, 8000, 11025, 12000, 14700, 16000, 22050, 24000, 29400, 31968, 32000,
32032, 33075, 36000, 36750, 40000, 44056, 44100, 44144, 47952, 48000, 48048, 51450, 55125, 56000, 58800, 60000, 63936,
64000, 64064, 66150, 72000, 73500, 77175, 80000, 80850, 84000, 88000, 88112, 88200, 88288, 95904, 96000, 96096,
102900, 110250, 112000, 117600, 120000, 127872, 128000, 128128, 132300, 144000, 147000, 154350, 160000, 161700,
168000, 176000, 176224, 176400, 176577, 191808, 192000, 192192, -1 };

const int rate_count = 69;

const int skips [] = { 1, 147, -2, 3, 441, 1, 147, 3, 441, 1, 147, 3, -17, 441, -9, 1, 49, 3, 441, 125, 1, -29, -17,
147, -9, 3, 1, 63, 3, 147, -17, -36, -3563, 1, 49, 3, 1, -2, 3, 21, -2, 125, 1, -51, -17, 147, -30, 3, 1, 63, 3, 147,
-17, -2, -4068, 1, 49, 3, 1, -2, 3, 21, -2, 125, 1, -58, -35, -51, -198, 160, 1, 375, 40, 3, 80, 1, 20, 3, 40, 1, 10,
125, 3, -14, 80, 1, 8, 3, -16, 20, 333, 125, 1, -32, 40, 16, 3, 5, 1, 125, 3, -32, 40, 1, 4, 80, 3, 40, 1, 3, -16, 10,
-28, 125, 1, -54, 20, 8, 3, 5, 1, 125, 3, -54, 20, 1, 2, 40, 3, 20, 1, 3, -34, 5, -50, 125, 1, -60, -2, 431, 1, 3448,
431, -7, 431, 1724, 431, -7, 431, 862, 431, 431, -9, -7, 431, -5, 431, -13, -7, -5, 431, 431, -9, -7, -7, 431, 431,
431, 431, 431, -14, -7, -5, -5, -7, -5, -7, -5, -5, -13, -7, -5, -7, -5, -9, -7, -7, -5, -5, -5, -9, -5, -399, -7, -5,
-5, -7, -5, -7, -5, -5, -13, -7, -9, -13, -5, -14, 4, 49, 3675, 1, 147, 2, 49, 1, 147, 1, 49, 1, -17, 147, -14, 2, 49,
1, 147, 500, 1, 333, -17, 49, -14, 1, 2, 21, 1, 49, -17, 147, -32, 1, 49, 1, 2, 147, 1, 7, 147, 250, 1, 333, -17, 49,
-19, 1, 1, 21, 1, 49, -24, 147, -38, 1, 49, 1, 1, 147, 1, 7, 147, 125, 1, -58, -35, 49, -32, 640, 4, 500, 160, 1, 320,
2, 80, 1, 160, 1, 40, 250, 1, 999, 320, 2, 32, 1, -6, 80, 222, 500, 1, 333, 160, 64, 1, 20, 2, 125, 1, -32, 160, 1,
16, 320, 1, 160, 2, 1, -6, 40, 111, 250, 1, 333, 80, 32, 1, 10, 1, 125, 1, -54, 80, 1, 8, 160, 1, 80, 1, 1, -10, 20,
111, 125, 1, -60, 2, 147, -7, 3, 441, 1, 147, 3, 441, 1, 147, 3, 1225, 441, -14, 1, 49, 3, 441, 250, 1, 999, -17, 147,
-9, 3, 1, 63, 3, 147, -17, 441, -19, 1, 49, 3, 1, 441, 3, 21, 441, 125, 1, -51, -17, 147, -14, 3, 1, 63, 3, 147, -35,
-58, -4068, 1, 49, 3, 1, -7, 3, 21, -7, 125, 1, -58, -35, 147, -19, 320, 2, 750, 80, 3, 160, 1, 40, 3, 80, 1, 20, 125,
3, -14, 160, 1, 16, 3, -13, 40, 333, 250, 1, 999, 80, 32, 3, 10, 1, 125, 3, -32, 80, 1, 8, 160, 3, 80, 1, 3, -13, 20,
333, 125, 1, -54, 40, 16, 3, 5, 1, 125, 3, -54, 40, 1, 4, 80, 3, 40, 1, 3, -13, 10, -50, 125, 1, -60, 8, 49, 3675, 2,
147, 4, 49, 1, 147, 2, 49, 1, 1225, 147, -14, 4, 49, 2, 147, 1000, 1, 333, 1225, 49, -19, 2, 4, 21, 1, 49, -17, 147,
-22, 2, 49, 1, 4, 147, 2, 7, 147, 500, 1, 333, -17, 49, -32, 1, 2, 21, 1, 49, -35, 147, -22, 1, 49, 1, 2, 147, 1, 7,
147, 250, 1, 333, -35, 49, -38, 1280, 8, 1000, 320, 2, 640, 4, 160, 1, 320, 2, 80, 500, 1, 999, 640, 4, 64, 2, -10,
160, 444, 1000, 1, 333, 320, 128, 2, 40, 4, 250, 1, 999, 320, 2, 32, 640, 1, 320, 4, 2, -10, 80, 222, 500, 1, 333,
160, 64, 1, 20, 2, 125, 1, -25, 160, 1, 16, 320, 1, 160, 2, 1, -10, 40, 111, 250, 1, 333, 4, 147, -7, 3, 441, 2, 147,
3, 441, 1, 147, 3, 1225, 441, -14, 2, 49, 3, 441, 500, 1, 999, 1225, 147, -14, 3, 2, 63, 3, 147, 1225, 441, -32, 1,
49, 3, 2, 441, 3, 21, 441, 250, 1, 999, -17, 147, -19, 3, 1, 63, 3, 147, -35, 441, -38, 1, 49, 3, 1, 441, 3, 21, 441,
125, 1, -58, -35, 147, -32, 640, 4, 1500, 160, 3, 320, 2, 80, 3, 160, 1, 40, 250, 3, 2997, 320, 2, 32, 3, -13, 80,
666, 500, 1, 999, 160, 64, 3, 20, 2, 125, 3, -32, 160, 1, 16, 320, 3, 160, 2, 3, -13, 40, 333, 250, 1, 999, 80, 32, 3,
10, 1, 125, 3, -54, 80, 1, 8, 160, 3, 80, 1, 3, -13, 20, 333, 125, 1, -60, 16, 49, 3675, 4, 147, 8, 49, 2, 147, 4, 49,
1, 1225, 147, -22, 8, 49, 4, 147, 2000, 2, 333, 1225, 49, -19, 4, 8, 21, 1, 49, 1225, 147, -22, 4, 49, 2, 8, 147, 4,
7, 147, 1000, 1, 333, 1225, 49, -38, 2, 4, 21, 1, 49, -35, 147, -44, 2, 49, 1, 4, 147, 2, 7, 147, 500, 1, 333, -35,
49, -22, -17, 666, 1998, -17, 999, 3552, 333, 2664, 999, 1776, 333, 1332, 1, 999, -14, 1184, 111, -17, 999, 320, 888,
-30, 2, 333, -14, -17, -17, 999, 666, 333, 1, 999, -19, 592, 111, -17, -17, 999, -17, 333, 999, 160, 444, -30, 1, 333,
-14, -17, -17, 999, 333, 333, 1, 999, -32, 296, 111, -17, -17, -17, -17, 333, -17, 80, 222, -40, 1, 333, -19, 2560,
16, 2000, 640, 4, 1280, 8, 320, 2, 640, 4, 160, 1000, 1, 999, 1280, 8, 128, 4, -21, 320, 888, 2000, 2, 333, 640, 256,
4, 80, 8, 500, 1, 999, 640, 4, 64, 1280, 2, 640, 8, 4, -21, 160, 444, 1000, 1, 333, 320, 128, 2, 40, 4, 250, 1, 999,
320, 2, 32, 640, 1, 320, 4, 2, -21, 80, 222, 500, 1, 333, -9, -14, -9, -14, 4000, -14, -14, -14, 2000, -14, 4000, -22,
-14, 1000, 1, -19, -19, -22, 800, -1332, -19, 320, -19, 2000, 2, -19, -19, -44, -22, 1600, -19, 500, 1, -19, -19, -22,
-24, 400, -19, -22, -19, -1332, -19, 160, -19, 1000, 1, -19, -19, -66, -22, 800, -32, 250, 1, -19, -32, -22, -24, 200,
-19, -44, -32, -1332, -19, 80, -19, 500, 1, 6, 441, -7, 9, 1323, 3, 441, 9, 1323, 3, 441, 9, 1225, 1323, -19, 1, 147,
9, 1323, 250, 3, 2997, 1225, 441, -24, 9, 3, 189, 9, 441, 1225, 1323, -19, 1, 147, 9, 3, 1323, 9, 63, 1323, 125, 3,
-51, 1225, 441, -46, 9, 3, 189, 9, 441, -35, -58, -4068, 1, 147, 9, 3, -17, 9, 63, -17, 125, 3, -58, -35, 441, -19,
320, 6, 2250, 240, 9, 160, 3, 120, 9, 80, 3, 60, 125, 9, -19, 160, 1, 48, 9, -23, 40, 999, 250, 3, 2997, 240, 32, 9,
30, 3, 125, 9, -32, 80, 1, 24, 160, 9, 240, 3, 9, -23, 20, 999, 125, 3, -54, 120, 16, 9, 15, 3, 125, 9, -54, 40, 1,
12, 80, 9, 120, 3, 9, -23, 10, -50, 125, 3, -60, 20, 49, -5, 5, 147, 10, 49, 5, 147, 5, 49, 5, -17, 147, -22, 10, 49,
1, 147, 2500, 5, 333, -35, 49, -19, 5, 2, 21, 5, 49, -35, 147, -22, 5, 49, 1, 10, 147, 5, 7, 147, 1250, 5, 333, -35,
49, -22, 5, 1, 21, 5, 49, -57, 147, -44, 5, 49, 1, 5, 147, 5, 7, 147, 625, 5, 333, -35, 49, -54, 3200, 20, 2500, 800,
5, 1600, 10, 400, 5, 800, 5, 200, 1250, 5, 999, 1600, 10, 160, 1, -21, 400, 222, 2500, 5, 333, 800, 320, 5, 100, 2,
625, 5, 999, 800, 5, 80, 1600, 1, 800, 10, 5, -21, 200, 111, 1250, 5, 333, 400, 160, 5, 50, 1, 625, 5, 999, 400, 5,
40, 800, 1, 400, 5, 5, -21, 100, 111, 625, 5, 333, 999, -16, -13, 2997, -6, 999, -13, 2997, -10, 999, -13, 2997, 441,
-21, -1468, 333, -23, 2997, -21, 1, 999, -21, 147, -34, -2376, 2997, 999, -34, 2997, -34, 441, -21, -1471, 333, -45,
-34, 999, -21, -34, -34, -21, 1, 999, -27, 147, -31, -1481, -34, 999, -34, -34, -31, 441, -27, -1917, 333, -34, -34,
999, -27, -34, -34, -53, 1, 999, -43, 147, -21, -1487, 8, 147, -7, 6, 441, 4, 147, 3, 441, 2, 147, 3, 1225, 441, -19,
4, 49, 6, 441, 1000, 1, 999, 1225, 147, -32, 6, 4, 63, 3, 147, 1225, 441, -22, 2, 49, 3, 4, 441, 6, 21, 441, 500, 1,
999, 1225, 147, -32, 3, 2, 63, 3, 147, 1225, 441, -22, 1, 49, 3, 2, 441, 3, 21, 441, 250, 1, 999, -35, 147, -38, -29,
2450, -5, 2000, 1225, 4000, 1225, 1000, 1225, 2000, 1225, 500, -30, 1225, 441, 4000, 1225, 400, 245, -21, 1000, 1,
-29, 1225, 147, 2000, 800, 175, 250, 245, -30, 1225, 441, 2000, 1225, 200, -29, 245, 2000, 175, 1225, -27, 500, 1,
-30, 1225, 147, 1000, 400, 175, 125, 245, -52, 1225, 441, 1000, 1225, 100, -29, 245, 1000, 175, -28, -43, 250, 1, -52,
-28, 147, -17, 999, 2997, -17, 2997, -17, 999, 3996, 2997, 2664, 999, 1998, 3, 2997, -19, 1776, 333, -35, 2997, 160,
1332, -29, 1, 999, -24, -35, -35, 2997, 999, 999, 3, 2997, -2447, 888, 333, -35, -35, -35, -35, 999, -35, 80, 666,
-29, 1, 999, -30, -35, -35, -35, 999, 999, 3, -35, -2469, 444, 333, -35, -35, -35, -35, 999, -35, 40, 333, -24, 1,
999, -46, 1280, 8, 3000, 320, 6, 640, 4, 160, 3, 320, 2, 80, 500, 3, 2997, 640, 4, 64, 6, -34, 160, 1332, 1000, 1,
999, 320, 128, 6, 40, 4, 250, 3, 2997, 320, 2, 32, 640, 3, 320, 4, 6, -31, 80, 666, 500, 1, 999, 160, 64, 3, 20, 2,
125, 3, -25, 160, 1, 16, 320, 3, 160, 2, 3, -31, 40, 333, 250, 1, 999, -9, -32, -9, -14, 2000, -9, 4000, -19, 1000,
-14, 2000, -19, -14, 500, 3, -24, 4000, -19, 400, -2104, -32, 160, -24, 1000, 1, -30, -32, 2000, -32, 800, -32, 250,
3, -30, 2000, -32, -30, 200, -30, -32, 2000, -2104, -32, 80, -30, 500, 1, -30, -32, 1000, -32, 400, -32, 125, 3, -30,
1000, -32, -30, 100, -30, -32, 1000, -2104, -32, 40, -46, 250, 1, 28, 343, -7, 7, 1029, 14, 343, 7, 1029, 7, 343, 7,
-17, 1029, -19, 14, 343, 7, 1029, 3500, 7, 2331, -35, 343, -30, 1, 14, 147, 7, 343, -35, 1029, -32, 7, 343, 7, 2,
1029, 7, 49, 1029, 1750, 7, 2331, -35, 343, -46, 1, 7, 147, 7, 343, -35, 1029, -38, 7, 343, 7, 1, 1029, 7, 49, 1029,
875, 7, -58, -35, 343, -32, 10, 147, -7, 15, 441, 5, 147, 15, 441, 5, 147, 15, -17, 441, -19, 5, 49, 3, 441, 1250, 5,
999, -35, 147, -32, 15, 1, 63, 15, 147, -35, 441, -32, 5, 49, 3, 5, 441, 15, 21, 441, 625, 5, 999, -35, 147, -32, 15,
1, 63, 15, 147, -57, 441, -54, 5, 49, 3, 5, 441, 15, 21, 441, 625, 5, 999, -35, 147, -38, 640, 28, 3500, 160, 7, 320,
14, 80, 7, 160, 7, 40, 1750, 7, -44, 320, 14, 32, 7, -34, 80, 222, 3500, 7, 2331, 160, 64, 1, 20, 14, 875, 7, -44,
160, 7, 16, 320, 7, 160, 2, 7, -34, 40, 111, 1750, 7, 2331, 80, 32, 1, 10, 7, 875, 7, -66, 80, 7, 8, 160, 7, 80, 1, 7,
-34, 20, 111, 875, 7, -60, 32, 49, 3675, 8, 147, 16, 49, 4, 147, 8, 49, 2, 1225, 147, -22, 16, 49, 8, 147, 4000, 4,
333, 1225, 49, -32, 8, 16, 21, 1, 49, 1225, 147, -44, 8, 49, 4, 16, 147, 8, 7, 147, 2000, 2, 333, 1225, 49, -38, 4, 8,
21, 1, 49, 1225, 147, -44, 4, 49, 2, 8, 147, 4, 7, 147, 1000, 1, 333, 1225, 49, -60, 1600, 10, 3750, 400, 15, 800, 5,
200, 15, 400, 5, 100, 625, 15, 2997, 800, 5, 80, 3, -34, 200, 333, 1250, 5, 999, 400, 160, 15, 50, 1, 625, 15, 2997,
400, 5, 40, 800, 3, 400, 5, 15, -34, 100, 333, 625, 5, 999, 200, 80, 15, 25, 1, 625, 15, -60, 200, 5, 20, 400, 3, 200,
5, 15, -34, 50, 333, 625, 5, 999, -17, 1332, 3996, -17, 999, -17, 666, -17, 999, 3552, 333, 2664, 2, 999, -19, 2368,
222, -35, 999, 640, 1776, -30, 4, 333, -32, -35, -35, 999, 1332, 666, 1, 999, -32, 1184, 111, -35, -35, 999, -35, 666,
999, 320, 888, -52, 2, 333, -32, -35, -35, 999, 666, 333, 1, 999, -38, 592, 111, -35, -35, 999, -35, 333, 999, 160,
444, -52, 1, 333, -32, -36, 32, 4000, 1280, 8, 2560, 16, 640, 4, 1280, 8, 320, 2000, 2, 999, 2560, 16, 256, 8, -21,
640, 1776, 4000, 4, 333, 1280, 512, 8, 160, 16, 1000, 1, 999, 1280, 8, 128, 2560, 4, 1280, 16, 8, -43, 320, 888, 2000,
2, 333, 640, 256, 4, 80, 8, 500, 1, 999, 640, 4, 64, 1280, 2, 640, 8, 4, -43, 160, 444, 1000, 1, 333, -3087, -32, -14,
-32, -32, -19, -32, -22, 4000, -32, -32, -22, -19, 2000, 2, -19, -32, -22, 1600, -1539, -22, 640, -2243, 4000, 4, -32,
-32, -44, -44, 3200, -32, 1000, 1, -38, -38, -44, -3087, 800, -38, -44, -38, -2665, -38, 320, -38, 2000, 2, -38, -38,
-66, -44, 1600, -38, 500, 1, -38, -38, -44, -46, 400, -38, -44, -38, -2665, -38, 160, -38, 1000, 1, 12, 441, -7, 9,
1323, 6, 441, 9, 1323, 3, 441, 9, 1225, 1323, -19, 2, 147, 9, 1323, 500, 3, 2997, 1225, 441, -30, 9, 6, 189, 9, 441,
1225, 1323, -38, 1, 147, 9, 6, 1323, 9, 63, 1323, 250, 3, 2997, 1225, 441, -46, 9, 3, 189, 9, 441, 1225, 1323, -38, 1,
147, 9, 3, 1323, 9, 63, 1323, 125, 3, -58, 1225, 441, -68, 640, 12, -5, 480, 9, 320, 6, 240, 9, 160, 3, 120, 250, 9,
-19, 320, 2, 96, 9, -45, 80, 1998, 500, 3, 2997, 480, 64, 9, 60, 6, 125, 9, -38, 160, 1, 48, 320, 9, 480, 6, 9, -45,
40, 999, 250, 3, 2997, 240, 32, 9, 30, 3, 125, 9, -54, 80, 1, 24, 160, 9, 240, 3, 9, -45, 20, 999, 125, 3, -60, 40,
49, -5, 10, 147, 20, 49, 5, 147, 10, 49, 5, -17, 147, -22, 20, 49, 2, 147, -34, 5, 333, -35, 49, -32, 10, 4, 21, 5,
49, -35, 147, -44, 10, 49, 1, 20, 147, 10, 7, 147, 2500, 5, 333, -57, 49, -38, 5, 2, 21, 5, 49, -57, 147, -44, 5, 49,
1, 10, 147, 5, 7, 147, 1250, 5, 333, -57, 49, -44, 14, 1029, -7, 21, 3087, 7, 1029, 21, 3087, 7, 1029, 21, -17, 3087,
-24, 7, 343, 21, 3087, 1750, 7, -29, -35, 1029, -30, 3, 7, 441, 21, 1029, -35, 3087, -3563, 7, 343, 21, 1, 3087, 21,
147, 3087, 875, 7, -51, -57, 1029, -46, 3, 7, 441, 21, 1029, -57, -58, -4068, 7, 343, 21, 1, -40, 21, 147, -40, 875,
7, -58, -57, 1029, -52, -2, 40, -5, 1600, 10, 3200, 20, 800, 5, 1600, 10, 400, 2500, 5, 999, 3200, 20, 320, 2, -21,
800, 444, -35, 5, 333, 1600, 640, 10, 200, 4, 1250, 5, 999, 1600, 10, 160, 3200, 1, 1600, 20, 10, -43, 400, 222, 2500,
5, 333, 800, 320, 5, 100, 2, 625, 5, 999, 800, 5, 80, 1600, 1, 800, 10, 5, -43, 200, 111, 1250, 5, 333, 44, 539, -7,
11, 1617, 22, 539, 11, 1617, 11, 539, 11, -17, 1617, -19, 22, 539, 11, 1617, -34, 11, 3663, -35, 539, -30, 11, 22,
231, 11, 539, -35, 1617, -38, 11, 539, 11, 22, 1617, 1, 77, 147, 2750, 11, 3663, -40, 539, -46, 11, 11, 231, 11, 539,
-46, 1617, -54, 11, 539, 11, 11, 1617, 1, 77, 147, 1375, 11, -58, -62, 539, -68, 320, 14, -5, 80, 21, 160, 7, 40, 21,
80, 7, 20, 875, 21, -22, 160, 7, 16, 21, -34, 40, 333, 1750, 7, -32, 80, 32, 3, 10, 7, 875, 21, -44, 80, 7, 8, 160,
21, 80, 1, 21, -56, 20, 333, 875, 7, -54, 40, 16, 3, 5, 7, 875, 21, -44, 40, 7, 4, 80, 21, 40, 1, 21, -56, 10, 333,
875, 7, -60, -2, 44, -5, 1760, 11, 3520, 22, 880, 11, 1760, 11, 440, 2750, 11, -19, 3520, 22, 352, 11, -21, 880, 2442,
-35, 11, 3663, 1760, 704, 11, 220, 22, 1375, 11, -38, 1760, 11, 176, 3520, 11, 160, 22, 1, -43, 440, 1221, 2750, 11,
3663, 880, 352, 11, 110, 11, 1375, 11, -54, 880, 11, 88, 1760, 11, 80, 11, 1, -43, 220, 1221, 1375, 11, -60, 1998,
-16, -13, 2997, -6, 999, -13, 2997, -10, 999, -13, 2997, 441, -21, -1468, 333, -23, 2997, -21, 2, 999, -27, 147, -31,
-2376, 2997, 999, -34, 2997, -34, 441, -43, -3005, 333, -45, 2997, 999, -43, 2997, -56, -43, 1, 999, -43, 147, -56,
-3916, 2997, 999, -56, 2997, -56, 441, -43, -3011, 333, -67, -56, 999, -43, -56, -56, -43, 1, 999, -49, 147, -53,
-3021, 16, 147, -7, 12, 441, 8, 147, 6, 441, 4, 147, 3, 1225, 441, -19, 8, 49, 12, 441, 2000, 2, 999, 1225, 147, -32,
12, 8, 63, 3, 147, 1225, 441, -38, 4, 49, 6, 8, 441, 12, 21, 441, 1000, 1, 999, 1225, 147, -54, 6, 4, 63, 3, 147,
1225, 441, -44, 2, 49, 3, 4, 441, 6, 21, 441, 500, 1, 999, 1225, 147, -54, -51, -28, -5, 4000, 1225, -51, 2450, 2000,
1225, 4000, 1225, 1000, -30, 1225, 441, -51, 2450, 800, 245, -27, 2000, 2, -29, 1225, 147, 4000, 1600, 175, 500, 490,
-52, 1225, 441, 4000, 1225, 400, -51, 245, 4000, 350, 1225, -43, 1000, 1, -51, 1225, 147, 2000, 800, 175, 250, 245,
-52, 1225, 441, 2000, 1225, 200, -51, 245, 2000, 175, 1225, -49, 500, 1, -52, 1225, 147, -17, 1998, -7, -17, 2997,
-17, 999, -17, 2997, -17, 999, 3996, 3, 2997, -19, 3552, 333, -35, 2997, 320, 2664, -30, 2, 999, -30, -35, -35, 2997,
1998, 999, 3, 2997, -38, 1776, 333, -57, -57, 2997, -40, 999, 2997, 160, 1332, -51, 1, 999, -46, -57, -57, 2997, 999,
999, 3, 2997, -3987, 888, 333, -57, -57, -57, -57, 999, -57, 80, 666, -51, 1, 999, -52, 2560, 16, -5, 640, 12, 1280,
8, 320, 6, 640, 4, 160, 1000, 3, 2997, 1280, 8, 128, 12, -31, 320, 2664, 2000, 2, 999, 640, 256, 12, 80, 8, 500, 3,
2997, 640, 4, 64, 1280, 6, 640, 8, 12, -56, 160, 1332, 1000, 1, 999, 320, 128, 6, 40, 4, 250, 3, 2997, 320, 2, 32,
640, 3, 320, 4, 6, -53, 80, 666, 500, 1, 999, -30, -54, -9, -19, 4000, -14, -54, -32, 2000, -19, 4000, -38, -14, 1000,
3, -46, -54, -22, 800, -2229, -32, 320, -30, 2000, 2, -46, -32, 4000, -38, 1600, -32, 500, 3, -46, 4000, -38, -46,
400, -46, -54, 4000, -3644, -54, 160, -46, 1000, 1, -52, -54, 2000, -54, 800, -54, 250, 3, -52, 2000, -54, -52, 200,
-52, -54, 2000, -3644, -54, 80, -52, 500, 1, 56, 343, -7, 14, 1029, 28, 343, 7, 1029, 14, 343, 7, -17, 1029, -19, 28,
343, 14, 1029, -34, 7, 2331, -35, 343, -30, 2, 28, 147, 7, 343, -35, 1029, -38, 14, 343, 7, 4, 1029, 14, 49, 1029,
3500, 7, 2331, -57, 343, -52, 1, 14, 147, 7, 343, -57, 1029, -54, 7, 343, 7, 2, 1029, 7, 49, 1029, 1750, 7, 2331, -57,
343, -68, 20, 147, -7, 15, 441, 10, 147, 15, 441, 5, 147, 15, -17, 441, -19, 10, 49, 3, 441, 2500, 5, 999, -35, 147,
-32, 15, 2, 63, 15, 147, -35, 441, -38, 5, 49, 3, 10, 441, 15, 21, 441, 1250, 5, 999, -57, 147, -54, 15, 1, 63, 15,
147, -57, 441, -54, 5, 49, 3, 5, 441, 15, 21, 441, 625, 5, 999, -57, 147, -54, 1280, 56, -5, 320, 14, 640, 28, 160, 7,
320, 14, 80, 3500, 7, -66, 640, 28, 64, 14, -34, 160, 444, -35, 7, 2331, 320, 128, 2, 40, 28, 1750, 7, -66, 320, 14,
32, 640, 7, 320, 4, 14, -56, 80, 222, 3500, 7, 2331, 160, 64, 1, 20, 14, 875, 7, -66, 160, 7, 16, 320, 7, 160, 2, 7,
-56, 40, 111, 1750, 7, 2331, 64, 98, -5, 16, 147, 32, 49, 8, 147, 16, 49, 4, 1225, 147, -22, 32, 49, 16, 147, -34, 8,
333, 2450, 49, -32, 16, 32, 21, 2, 49, 1225, 147, -44, 16, 49, 8, 32, 147, 16, 7, 147, 4000, 4, 333, 1225, 49, -54, 8,
16, 21, 1, 49, 1225, 147, -66, 8, 49, 4, 16, 147, 8, 7, 147, 2000, 2, 333, 1225, 49, -60, 3200, 20, -5, 800, 15, 1600,
10, 400, 15, 800, 5, 200, 1250, 15, 2997, 1600, 10, 160, 3, -31, 400, 666, 2500, 5, 999, 800, 320, 15, 100, 2, 625,
15, 2997, 800, 5, 80, 1600, 3, 800, 10, 15, -56, 200, 333, 1250, 5, 999, 400, 160, 15, 50, 1, 625, 15, 2997, 400, 5,
40, 800, 3, 400, 5, 15, -56, 100, 333, 625, 5, 999, -17, 2664, -9, -24, 1998, -35, 1332, -35, 999, -35, 666, -35, 4,
999, -32, -35, 444, -57, 1998, 1280, 3552, -52, 8, 333, -32, -35, -57, 1998, 2664, 1332, 2, 999, -38, 2368, 222, -57,
-57, 999, -46, 1332, 1998, 640, 1776, -52, 4, 333, -54, -57, -57, 999, 1332, 666, 1, 999, -54, 1184, 111, -57, -57,
999, -57, 666, 999, 320, 888, -62, 2, 333, -54, -2, 64, -5, 2560, 16, -58, 32, 1280, 8, 2560, 16, 640, 4000, 4, 999,
-58, 32, 512, 16, -27, 1280, 3552, -35, 8, 333, 2560, 1024, 16, 320, 32, 2000, 2, 999, 2560, 16, 256, -58, 8, 2560,
32, 16, -43, 640, 1776, 4000, 4, 333, 1280, 512, 8, 160, 16, 1000, 1, 999, 1280, 8, 128, 2560, 4, 1280, 16, 8, -65,
320, 888, 2000, 2, 333, -4612, -54, -3731, -38, -54, -4612, -54, -22, -25, -38, -54, -44, -32, 4000, 4, -4612, -54,
-44, 3200, -3753, -22, 1280, -3761, -25, 8, -38, -54, -66, -44, -60, -38, 2000, 2, -38, -54, -44, -4612, 1600, -54,
-44, -54, -3079, -44, 640, -3783, 4000, 4, -54, -54, -66, -66, 3200, -54, 1000, 1, -60, -60, -66, -4612, 800, -60,
-66, -60, -4205, -60, 320, -60, 2000, 2, 24, 441, -7, 18, 1323, 12, 441, 9, 1323, 6, 441, 9, 1225, 1323, -19, 4, 147,
18, 1323, 1000, 3, 2997, 1225, 441, -30, 18, 12, 189, 9, 441, 1225, 1323, -38, 2, 147, 9, 12, 1323, 18, 63, 1323, 500,
3, 2997, 1225, 441, -52, 9, 6, 189, 9, 441, 1225, 1323, -60, 1, 147, 9, 6, 1323, 9, 63, 1323, 250, 3, 2997, 1225, 441,
-68, 1280, 24, -5, 960, 18, 640, 12, 480, 9, 320, 6, 240, 500, 9, -32, 640, 4, 192, 18, -34, 160, 3996, 1000, 3, 2997,
960, 128, 18, 120, 12, 250, 9, -38, 320, 2, 96, 640, 9, 960, 12, 18, -67, 80, 1998, 500, 3, 2997, 480, 64, 9, 60, 6,
125, 9, -60, 160, 1, 48, 320, 9, 480, 6, 9, -67, 40, 999, 250, 3, 2997, 80, 49, -5, 20, 147, 40, 49, 10, 147, 20, 49,
5, -17, 147, -22, 40, 49, 4, 147, -34, 10, 333, -35, 49, -32, 20, 8, 21, 5, 49, -35, 147, -44, 20, 49, 2, 40, 147, 20,
7, 147, -56, 5, 333, -57, 49, -54, 10, 4, 21, 5, 49, -57, 147, -66, 10, 49, 1, 20, 147, 10, 7, 147, 2500, 5, 333, -62,
49, -60, 28, 1029, -7, 21, 3087, 14, 1029, 21, 3087, 7, 1029, 21, -17, 3087, -24, 14, 343, 21, 3087, 3500, 7, -29,
-35, 1029, -30, 3, 14, 441, 21, 1029, -35, 3087, -46, 7, 343, 21, 2, 3087, 21, 147, 3087, 1750, 7, -51, -57, 1029,
-52, 3, 7, 441, 21, 1029, -57, 3087, -4068, 7, 343, 21, 1, 3087, 21, 147, 3087, 875, 7, -62, -62, 1029, -68, -2, 80,
-5, 3200, 20, -7, 40, 1600, 10, 3200, 20, 800, -17, 5, 999, -17, 40, 640, 4, -27, 1600, 888, -35, 10, 333, 3200, 1280,
20, 400, 8, 2500, 5, 999, 3200, 20, 320, -40, 2, 3200, 40, 20, -43, 800, 444, -57, 5, 333, 1600, 640, 10, 200, 4,
1250, 5, 999, 1600, 10, 160, 3200, 1, 1600, 20, 10, -65, 400, 222, 2500, 5, 333, 88, 539, -7, 22, 1617, 44, 539, 11,
1617, 22, 539, 11, -17, 1617, -19, 44, 539, 22, 1617, -34, 11, 3663, -35, 539, -30, 22, 44, 231, 11, 539, -35, 1617,
-38, 22, 539, 11, 44, 1617, 2, 77, 147, -56, 11, 3663, -57, 539, -52, 11, 22, 231, 11, 539, -57, 1617, -60, 11, 539,
11, 22, 1617, 1, 77, 147, 2750, 11, 3663, -62, 539, -68, 640, 28, -5, 160, 21, 320, 14, 80, 21, 160, 7, 40, 1750, 21,
-44, 320, 14, 32, 21, -34, 80, 666, 3500, 7, -32, 160, 64, 3, 20, 14, 875, 21, -44, 160, 7, 16, 320, 21, 160, 2, 21,
-56, 40, 333, 1750, 7, -54, 80, 32, 3, 10, 7, 875, 21, -66, 80, 7, 8, 160, 21, 80, 1, 21, -65, 20, 333, 875, 7, -66,
-2, 88, -5, 3520, 22, -7, 44, 1760, 11, 3520, 22, 880, -17, 11, -32, -17, 44, 704, 22, -53, 1760, -28, -35, 11, 3663,
3520, 1408, 22, 440, 44, 2750, 11, -38, 3520, 22, 352, -40, 11, 320, 44, 2, -43, 880, 2442, -57, 11, 3663, 1760, 704,
11, 220, 22, 1375, 11, -60, 1760, 11, 176, 3520, 11, 160, 22, 1, -65, 440, 1221, 2750, 11, 3663, 3996, -34, -13, 2997,
-10, 1998, -13, 2997, -10, 999, -13, 2997, 441, -21, -1468, 666, -23, 2997, -21, 4, 999, -43, 147, -31, -2376, 2997,
1998, -34, 2997, -34, 441, -43, -3005, 333, -45, 2997, 1998, -43, 2997, -56, -43, 2, 999, -49, 147, -53, -3916, 2997,
999, -56, 2997, -56, 441, -65, -4545, 333, -67, 2997, 999, -65, 2997, -65, -65, 1, 999, -65, 147, -65, -4551, 32, 147,
-7, 24, 441, 16, 147, 12, 441, 8, 147, 6, 1225, 441, -19, 16, 49, 24, 441, 4000, 4, 999, 1225, 147, -32, 24, 16, 63,
3, 147, 1225, 441, -38, 8, 49, 12, 16, 441, 24, 21, 441, 2000, 2, 999, 1225, 147, -54, 12, 8, 63, 3, 147, 1225, 441,
-60, 4, 49, 6, 8, 441, 12, 21, 441, 1000, 1, 999, 1225, 147, -66, -58, -50, -9, -58, 2450, -58, -50, 4000, 1225, -58,
2450, 2000, -40, 1225, 441, -58, -50, 1600, 490, -43, 4000, 4, -24, 1225, 147, -58, 3200, 350, 1000, 980, -52, 1225,
441, -58, 2450, 800, -58, 245, -58, 700, 2450, -49, 2000, 2, -51, 1225, 147, 4000, 1600, 175, 500, 490, -62, 1225,
441, 4000, 1225, 400, -62, 245, 4000, 350, 1225, -65, 1000, 1, -68, 1225, 147, -35, 3996, -13, -35, 2997, -35, 1998,
-35, 2997, -35, 999, -35, 6, 2997, -19, -35, 666, -35, 2997, 640, -35, -52, 4, 999, -46, -35, -35, 2997, 3996, 1998,
3, 2997, -38, 3552, 333, -57, -57, 2997, -62, 1998, 2997, 320, 2664, -52, 2, 999, -52, -57, -57, 2997, 1998, 999, 3,
2997, -60, 1776, 333, -62, -62, 2997, -62, 999, 2997, 160, 1332, -68, 1, 999, -68, -51, 32, -5, 1280, 24, 2560, 16,
640, 12, 1280, 8, 320, 2000, 6, 2997, 2560, 16, 256, 24, -21, 640, -28, 4000, 4, 999, 1280, 512, 24, 160, 16, 1000, 3,
2997, 1280, 8, 128, 2560, 12, 1280, 16, 24, -53, 320, 2664, 2000, 2, 999, 640, 256, 12, 80, 8, 500, 3, 2997, 640, 4,
64, 1280, 6, 640, 8, 12, -65, 160, 1332, 1000, 1, 999, -4142, -60, -14, -32, -60, -19, -60, -38, 4000, -32, -60, -22,
-19, 2000, 6, -19, -60, -54, 1600, -2643, -38, 640, -46, 4000, 4, -32, -38, -60, -60, 3200, -32, 1000, 3, -68, -60,
-44, -52, 800, -68, -60, -60, -3769, -54, 320, -52, 2000, 2, -68, -54, 4000, -60, 1600, -54, 500, 3, -68, 4000, -60,
-68, 400, -68, -66, 4000, -4619, -66, 160, -68, 1000, 1, -1 };

